{
  "stats": {
    "suites": 1,
    "tests": 2,
    "passes": 0,
    "pending": 0,
    "failures": 2,
    "start": "2024-10-22T22:39:15.313Z",
    "end": "2024-10-22T22:39:20.277Z",
    "duration": 4964,
    "testsRegistered": 2,
    "passPercent": 0,
    "pendingPercent": 0,
    "other": 0,
    "hasOther": false,
    "skipped": 0,
    "hasSkipped": false
  },
  "results": [
    {
      "uuid": "2562270e-f329-43c9-bcee-854fb3bb0891",
      "title": "",
      "fullFile": "cypress/e2e/Validation/bvnDetails.cy.js",
      "file": "cypress/e2e/Validation/bvnDetails.cy.js",
      "beforeHooks": [],
      "afterHooks": [],
      "tests": [],
      "suites": [
        {
          "uuid": "d3936221-a3f4-4ace-a91b-a6a3b8f809b1",
          "title": "PUT /verification/bvn/:bvn",
          "fullFile": "",
          "file": "",
          "beforeHooks": [],
          "afterHooks": [],
          "tests": [
            {
              "title": "should return status 200 and BVN details on valid OTP",
              "fullTitle": "PUT /verification/bvn/:bvn should return status 200 and BVN details on valid OTP",
              "timedOut": null,
              "duration": 3908,
              "state": "failed",
              "speed": null,
              "pass": false,
              "fail": true,
              "pending": false,
              "context": null,
              "code": "cy.request({\n  method: 'PUT',\n  url: 'https://adjutor.lendsqr.com/v2/verification/bvn/22227628441',\n  body: {\n    otp: '623553'\n  },\n  headers: {\n    Authorization: `Bearer ${Cypress.env('API_KEY_TWO')}`\n  }\n}).then(response => {\n  cy.log(`Response Time: ${response.duration} ms`);\n  expect(response.status).to.eq(200);\n  expect(response.body.data.bvn).to.eq('22227628441');\n  expect(response.body.message).to.eq('Successful');\n});",
              "err": {
                "message": "CypressError: `cy.request()` failed on:\n\nhttps://adjutor.lendsqr.com/v2/verification/bvn/22227628441\n\nThe response we received from your web server was:\n\n  > 400: Bad Request\n\nThis was considered a failure because the status code was not `2xx` or `3xx`.\n\nIf you do not want status codes to cause failures pass the option: `failOnStatusCode: false`\n\n-----------------------------------------------------------\n\nThe request we sent was:\n\nMethod: PUT\nURL: https://adjutor.lendsqr.com/v2/verification/bvn/22227628441\nHeaders: {\n  \"Connection\": \"keep-alive\",\n  \"Authorization\": \"Bearer sk_live_xDsUYHNsbvVJpFzFUVhquyAh2hVbKphY15v1yUKl\",\n  \"user-agent\": \"Mozilla/5.0 (Macintosh; Intel Mac OS X 10_15_7) AppleWebKit/537.36 (KHTML, like Gecko) Cypress/13.15.0 Chrome/118.0.5993.159 Electron/27.3.10 Safari/537.36\",\n  \"accept\": \"*/*\",\n  \"accept-encoding\": \"gzip, deflate\",\n  \"content-type\": \"application/json\",\n  \"content-length\": 16\n}\nBody: {\"otp\":\"623553\"}\n\n-----------------------------------------------------------\n\nThe response we got was:\n\nStatus: 400 - Bad Request\nHeaders: {\n  \"date\": \"Tue, 22 Oct 2024 22:39:18 GMT\",\n  \"content-type\": \"application/json; charset=utf-8\",\n  \"content-length\": \"72\",\n  \"connection\": \"keep-alive\",\n  \"x-powered-by\": \"Express\",\n  \"x-request-id\": \"618e16aa-54b4-4ac8-9ee3-1311312443e0\",\n  \"last-modified\": \"Tue, 22 Oct 2024 22:39:15 GMT\",\n  \"etag\": \"W/\\\"48-wr361msQvEm8xVMYqf7x4AL0EQE\\\"\",\n  \"cf-cache-status\": \"DYNAMIC\",\n  \"server\": \"cloudflare\",\n  \"cf-ray\": \"8d6cfb7b8c0d94d8-LHR\"\n}\nBody: {\n  \"status\": \"error\",\n  \"message\": \"Wrong OTP entered\",\n  \"meta\": {\n    \"balance\": 1330\n  }\n}\n\n\nhttps://on.cypress.io/request",
                "estack": "CypressError: `cy.request()` failed on:\n\nhttps://adjutor.lendsqr.com/v2/verification/bvn/22227628441\n\nThe response we received from your web server was:\n\n  > 400: Bad Request\n\nThis was considered a failure because the status code was not `2xx` or `3xx`.\n\nIf you do not want status codes to cause failures pass the option: `failOnStatusCode: false`\n\n-----------------------------------------------------------\n\nThe request we sent was:\n\nMethod: PUT\nURL: https://adjutor.lendsqr.com/v2/verification/bvn/22227628441\nHeaders: {\n  \"Connection\": \"keep-alive\",\n  \"Authorization\": \"Bearer sk_live_xDsUYHNsbvVJpFzFUVhquyAh2hVbKphY15v1yUKl\",\n  \"user-agent\": \"Mozilla/5.0 (Macintosh; Intel Mac OS X 10_15_7) AppleWebKit/537.36 (KHTML, like Gecko) Cypress/13.15.0 Chrome/118.0.5993.159 Electron/27.3.10 Safari/537.36\",\n  \"accept\": \"*/*\",\n  \"accept-encoding\": \"gzip, deflate\",\n  \"content-type\": \"application/json\",\n  \"content-length\": 16\n}\nBody: {\"otp\":\"623553\"}\n\n-----------------------------------------------------------\n\nThe response we got was:\n\nStatus: 400 - Bad Request\nHeaders: {\n  \"date\": \"Tue, 22 Oct 2024 22:39:18 GMT\",\n  \"content-type\": \"application/json; charset=utf-8\",\n  \"content-length\": \"72\",\n  \"connection\": \"keep-alive\",\n  \"x-powered-by\": \"Express\",\n  \"x-request-id\": \"618e16aa-54b4-4ac8-9ee3-1311312443e0\",\n  \"last-modified\": \"Tue, 22 Oct 2024 22:39:15 GMT\",\n  \"etag\": \"W/\\\"48-wr361msQvEm8xVMYqf7x4AL0EQE\\\"\",\n  \"cf-cache-status\": \"DYNAMIC\",\n  \"server\": \"cloudflare\",\n  \"cf-ray\": \"8d6cfb7b8c0d94d8-LHR\"\n}\nBody: {\n  \"status\": \"error\",\n  \"message\": \"Wrong OTP entered\",\n  \"meta\": {\n    \"balance\": 1330\n  }\n}\n\n\nhttps://on.cypress.io/request\n    at <unknown> (http://localhost:49441/__cypress/runner/cypress_runner.js:132919:72)\n    at tryCatcher (http://localhost:49441/__cypress/runner/cypress_runner.js:1807:23)\n    at Promise._settlePromiseFromHandler (http://localhost:49441/__cypress/runner/cypress_runner.js:1519:31)\n    at Promise._settlePromise (http://localhost:49441/__cypress/runner/cypress_runner.js:1576:18)\n    at Promise._settlePromise0 (http://localhost:49441/__cypress/runner/cypress_runner.js:1621:10)\n    at Promise._settlePromises (http://localhost:49441/__cypress/runner/cypress_runner.js:1701:18)\n    at _drainQueueStep (http://localhost:49441/__cypress/runner/cypress_runner.js:2407:12)\n    at _drainQueue (http://localhost:49441/__cypress/runner/cypress_runner.js:2400:9)\n    at Async._drainQueues (http://localhost:49441/__cypress/runner/cypress_runner.js:2416:5)\n    at Async.drainQueues (http://localhost:49441/__cypress/runner/cypress_runner.js:2286:14)\nFrom Your Spec Code:\n    at Context.eval (webpack://lendsqr-api/./cypress/e2e/Validation/bvnDetails.cy.js:3:9)",
                "diff": null
              },
              "uuid": "0f29ae56-dc74-4fae-957a-68c2328b09d3",
              "parentUUID": "d3936221-a3f4-4ace-a91b-a6a3b8f809b1",
              "isHook": false,
              "skipped": false
            },
            {
              "title": "should return error for invalid OTP",
              "fullTitle": "PUT /verification/bvn/:bvn should return error for invalid OTP",
              "timedOut": null,
              "duration": 984,
              "state": "failed",
              "speed": null,
              "pass": false,
              "fail": true,
              "pending": false,
              "context": null,
              "code": "cy.request({\n  method: 'PUT',\n  url: 'https://adjutor.lendsqr.com/v2/verification/bvn/22222222222',\n  body: {\n    otp: 'abc'\n  },\n  failOnStatusCode: false,\n  headers: {\n    Authorization: `Bearer ${Cypress.env('API_KEY_TWO')}`\n  }\n}).then(response => {\n  cy.log(`Response Time: ${response.duration} ms`);\n  expect(response.status).to.eq(400);\n  expect(response.body.message).to.eq('Invalid OTP');\n});",
              "err": {
                "message": "AssertionError: expected 200 to equal 400",
                "estack": "AssertionError: expected 200 to equal 400\n    at Context.eval (webpack://lendsqr-api/./cypress/e2e/Validation/bvnDetails.cy.js:25:35)",
                "diff": "- 200\n+ 400\n"
              },
              "uuid": "e34a9d56-085a-4551-9eb6-fe54e103ce3c",
              "parentUUID": "d3936221-a3f4-4ace-a91b-a6a3b8f809b1",
              "isHook": false,
              "skipped": false
            }
          ],
          "suites": [],
          "passes": [],
          "failures": [
            "0f29ae56-dc74-4fae-957a-68c2328b09d3",
            "e34a9d56-085a-4551-9eb6-fe54e103ce3c"
          ],
          "pending": [],
          "skipped": [],
          "duration": 4892,
          "root": false,
          "rootEmpty": false,
          "_timeout": 2000
        }
      ],
      "passes": [],
      "failures": [],
      "pending": [],
      "skipped": [],
      "duration": 0,
      "root": true,
      "rootEmpty": true,
      "_timeout": 2000
    }
  ],
  "meta": {
    "mocha": {
      "version": "7.0.1"
    },
    "mochawesome": {
      "options": {
        "quiet": false,
        "reportFilename": "mochawesome",
        "saveHtml": true,
        "saveJson": true,
        "consoleReporter": "spec",
        "useInlineDiffs": false,
        "code": true
      },
      "version": "7.1.3"
    },
    "marge": {
      "options": {
        "reportDir": "cypress/reports",
        "overwrite": false,
        "html": true,
        "json": true
      },
      "version": "6.2.0"
    }
  }
}