{
  "stats": {
    "suites": 1,
    "tests": 2,
    "passes": 2,
    "pending": 0,
    "failures": 0,
    "start": "2024-10-22T22:39:27.759Z",
    "end": "2024-10-22T22:39:28.912Z",
    "duration": 1153,
    "testsRegistered": 2,
    "passPercent": 100,
    "pendingPercent": 0,
    "other": 0,
    "hasOther": false,
    "skipped": 0,
    "hasSkipped": false
  },
  "results": [
    {
      "uuid": "ba7ed4c5-d862-417c-a14d-1652246a8e32",
      "title": "",
      "fullFile": "cypress/e2e/Credit Bureaus/getCreditReportFromFirstCentralCreditBureau.cy.js",
      "file": "cypress/e2e/Credit Bureaus/getCreditReportFromFirstCentralCreditBureau.cy.js",
      "beforeHooks": [],
      "afterHooks": [],
      "tests": [],
      "suites": [
        {
          "uuid": "e26dfddb-2bdf-472d-9770-b7fbe5258a9b",
          "title": "GET /creditbureaus/firstcentral/:bvn",
          "fullFile": "",
          "file": "",
          "beforeHooks": [],
          "afterHooks": [],
          "tests": [
            {
              "title": "should return status 200 and valid credit report from FirstCentral",
              "fullTitle": "GET /creditbureaus/firstcentral/:bvn should return status 200 and valid credit report from FirstCentral",
              "timedOut": null,
              "duration": 669,
              "state": "passed",
              "speed": "fast",
              "pass": true,
              "fail": false,
              "pending": false,
              "context": null,
              "code": "cy.request({\n  method: 'GET',\n  url: 'https://adjutor.lendsqr.com/v2/creditbureaus/firstcentral/22227628441',\n  headers: {\n    Authorization: `Bearer ${Cypress.env('API_KEY_TWO')}`\n  }\n}).then(response => {\n  cy.log(`Response Time: ${response.duration} ms`);\n  expect(response.status).to.eq(200);\n  expect(response.body.message).to.eq('Successful');\n});",
              "err": {},
              "uuid": "2c1fafed-ae60-442a-a8d9-ee24094fcf0c",
              "parentUUID": "e26dfddb-2bdf-472d-9770-b7fbe5258a9b",
              "isHook": false,
              "skipped": false
            },
            {
              "title": "should return error for invalid BVN",
              "fullTitle": "GET /creditbureaus/firstcentral/:bvn should return error for invalid BVN",
              "timedOut": null,
              "duration": 434,
              "state": "passed",
              "speed": "fast",
              "pass": true,
              "fail": false,
              "pending": false,
              "context": null,
              "code": "cy.request({\n  method: 'GET',\n  url: 'https://adjutor.lendsqr.com/v2/creditbureaus/firstcentral/2222762842',\n  failOnStatusCode: false,\n  headers: {\n    Authorization: `Bearer ${Cypress.env('API_KEY_TWO')}`\n  }\n}).then(response => {\n  cy.log(`Response Time: ${response.duration} ms`);\n  expect(response.status).to.eq(400);\n  expect(response.body.message).to.eq('BVN must be exactly 11 characters long');\n});",
              "err": {},
              "uuid": "241e260f-05bf-4857-b22b-f2ed0ce95fbe",
              "parentUUID": "e26dfddb-2bdf-472d-9770-b7fbe5258a9b",
              "isHook": false,
              "skipped": false
            }
          ],
          "suites": [],
          "passes": [
            "2c1fafed-ae60-442a-a8d9-ee24094fcf0c",
            "241e260f-05bf-4857-b22b-f2ed0ce95fbe"
          ],
          "failures": [],
          "pending": [],
          "skipped": [],
          "duration": 1103,
          "root": false,
          "rootEmpty": false,
          "_timeout": 2000
        }
      ],
      "passes": [],
      "failures": [],
      "pending": [],
      "skipped": [],
      "duration": 0,
      "root": true,
      "rootEmpty": true,
      "_timeout": 2000
    }
  ],
  "meta": {
    "mocha": {
      "version": "7.0.1"
    },
    "mochawesome": {
      "options": {
        "quiet": false,
        "reportFilename": "mochawesome",
        "saveHtml": true,
        "saveJson": true,
        "consoleReporter": "spec",
        "useInlineDiffs": false,
        "code": true
      },
      "version": "7.1.3"
    },
    "marge": {
      "options": {
        "reportDir": "cypress/reports",
        "overwrite": false,
        "html": true,
        "json": true
      },
      "version": "6.2.0"
    }
  }
}