{
  "stats": {
    "suites": 1,
    "tests": 2,
    "passes": 2,
    "pending": 0,
    "failures": 0,
    "start": "2024-10-22T22:39:54.113Z",
    "end": "2024-10-22T22:39:55.660Z",
    "duration": 1547,
    "testsRegistered": 2,
    "passPercent": 100,
    "pendingPercent": 0,
    "other": 0,
    "hasOther": false,
    "skipped": 0,
    "hasSkipped": false
  },
  "results": [
    {
      "uuid": "7ec4544f-dd25-4a21-a8e8-eddf73aed080",
      "title": "",
      "fullFile": "cypress/e2e/Operational Services/getListOfBanks.cy.js",
      "file": "cypress/e2e/Operational Services/getListOfBanks.cy.js",
      "beforeHooks": [],
      "afterHooks": [],
      "tests": [],
      "suites": [
        {
          "uuid": "5dd9ba29-4147-478d-a139-c021c9ad25e0",
          "title": "GET /profile/pricing",
          "fullFile": "",
          "file": "",
          "beforeHooks": [],
          "afterHooks": [],
          "tests": [
            {
              "title": "should return status 200 and fetch the pricing for services",
              "fullTitle": "GET /profile/pricing should return status 200 and fetch the pricing for services",
              "timedOut": null,
              "duration": 1109,
              "state": "passed",
              "speed": "fast",
              "pass": true,
              "fail": false,
              "pending": false,
              "context": null,
              "code": "cy.request({\n  method: 'GET',\n  url: 'https://adjutor.lendsqr.com/v2/banks',\n  headers: {\n    Authorization: `Bearer ${Cypress.env('API_KEY_TWO')}`\n  }\n}).then(response => {\n  cy.log(`Response Time: ${response.duration} ms`);\n  expect(response.status).to.eq(200);\n  expect(response.body.message).to.eq('Successful');\n  expect(response.body.data).to.be.an('array');\n});",
              "err": {},
              "uuid": "db31786f-be0b-48bb-9e06-f0bde08a3d31",
              "parentUUID": "5dd9ba29-4147-478d-a139-c021c9ad25e0",
              "isHook": false,
              "skipped": false
            },
            {
              "title": "should return error for unauthorized access",
              "fullTitle": "GET /profile/pricing should return error for unauthorized access",
              "timedOut": null,
              "duration": 374,
              "state": "passed",
              "speed": "fast",
              "pass": true,
              "fail": false,
              "pending": false,
              "context": null,
              "code": "cy.request({\n  method: 'GET',\n  url: 'https://adjutor.lendsqr.com/v2/banks',\n  failOnStatusCode: false\n}).then(response => {\n  cy.log(`Response Time: ${response.duration} ms`);\n  expect(response.status).to.eq(401);\n  expect(response.body.message).to.eq(\"We couldn't verify your access. Please check your authorization\");\n});",
              "err": {},
              "uuid": "e6f832d2-68fc-40ff-86f4-6ab13e667414",
              "parentUUID": "5dd9ba29-4147-478d-a139-c021c9ad25e0",
              "isHook": false,
              "skipped": false
            }
          ],
          "suites": [],
          "passes": [
            "db31786f-be0b-48bb-9e06-f0bde08a3d31",
            "e6f832d2-68fc-40ff-86f4-6ab13e667414"
          ],
          "failures": [],
          "pending": [],
          "skipped": [],
          "duration": 1483,
          "root": false,
          "rootEmpty": false,
          "_timeout": 2000
        }
      ],
      "passes": [],
      "failures": [],
      "pending": [],
      "skipped": [],
      "duration": 0,
      "root": true,
      "rootEmpty": true,
      "_timeout": 2000
    }
  ],
  "meta": {
    "mocha": {
      "version": "7.0.1"
    },
    "mochawesome": {
      "options": {
        "quiet": false,
        "reportFilename": "mochawesome",
        "saveHtml": true,
        "saveJson": true,
        "consoleReporter": "spec",
        "useInlineDiffs": false,
        "code": true
      },
      "version": "7.1.3"
    },
    "marge": {
      "options": {
        "reportDir": "cypress/reports",
        "overwrite": false,
        "html": true,
        "json": true
      },
      "version": "6.2.0"
    }
  }
}