{
  "stats": {
    "suites": 1,
    "tests": 2,
    "passes": 2,
    "pending": 0,
    "failures": 0,
    "start": "2024-10-22T22:39:41.710Z",
    "end": "2024-10-22T22:39:42.807Z",
    "duration": 1097,
    "testsRegistered": 2,
    "passPercent": 100,
    "pendingPercent": 0,
    "other": 0,
    "hasOther": false,
    "skipped": 0,
    "hasSkipped": false
  },
  "results": [
    {
      "uuid": "fe58c3d8-50cc-435f-87ca-f1adfa026a4f",
      "title": "",
      "fullFile": "cypress/e2e/Data for Lenders/usersDataForLenders.cy.js",
      "file": "cypress/e2e/Data for Lenders/usersDataForLenders.cy.js",
      "beforeHooks": [],
      "afterHooks": [],
      "tests": [],
      "suites": [
        {
          "uuid": "ffc597b8-2f76-4a99-825e-854409b1829b",
          "title": "GET /data/users",
          "fullFile": "",
          "file": "",
          "beforeHooks": [],
          "afterHooks": [],
          "tests": [
            {
              "title": "should return status 200 and fetch all users",
              "fullTitle": "GET /data/users should return status 200 and fetch all users",
              "timedOut": null,
              "duration": 747,
              "state": "passed",
              "speed": "fast",
              "pass": true,
              "fail": false,
              "pending": false,
              "context": null,
              "code": "cy.request({\n  method: 'GET',\n  url: 'https://adjutor.lendsqr.com/v2/data/users',\n  headers: {\n    Authorization: `Bearer ${Cypress.env('API_KEY_TWO')}`\n  }\n}).then(response => {\n  cy.log(`Response Time: ${response.duration} ms`);\n  expect(response.status).to.eq(200);\n  expect(response.body.success).to.eq(true);\n  expect(response.body.data).to.be.an('array');\n});",
              "err": {},
              "uuid": "0903cebd-e082-4c65-9966-053bd6595f98",
              "parentUUID": "ffc597b8-2f76-4a99-825e-854409b1829b",
              "isHook": false,
              "skipped": false
            },
            {
              "title": "should return error for unauthorized access",
              "fullTitle": "GET /data/users should return error for unauthorized access",
              "timedOut": null,
              "duration": 299,
              "state": "passed",
              "speed": "fast",
              "pass": true,
              "fail": false,
              "pending": false,
              "context": null,
              "code": "cy.request({\n  method: 'GET',\n  url: 'https://adjutor.lendsqr.com/v2/data/users',\n  failOnStatusCode: false\n}).then(response => {\n  cy.log(`Response Time: ${response.duration} ms`);\n  expect(response.status).to.eq(401);\n  expect(response.body.message).to.eq(\"We couldn't verify your access. Please check your authorization\");\n});",
              "err": {},
              "uuid": "ce53bd7d-dc79-46c7-953d-e31616f3ca31",
              "parentUUID": "ffc597b8-2f76-4a99-825e-854409b1829b",
              "isHook": false,
              "skipped": false
            }
          ],
          "suites": [],
          "passes": [
            "0903cebd-e082-4c65-9966-053bd6595f98",
            "ce53bd7d-dc79-46c7-953d-e31616f3ca31"
          ],
          "failures": [],
          "pending": [],
          "skipped": [],
          "duration": 1046,
          "root": false,
          "rootEmpty": false,
          "_timeout": 2000
        }
      ],
      "passes": [],
      "failures": [],
      "pending": [],
      "skipped": [],
      "duration": 0,
      "root": true,
      "rootEmpty": true,
      "_timeout": 2000
    }
  ],
  "meta": {
    "mocha": {
      "version": "7.0.1"
    },
    "mochawesome": {
      "options": {
        "quiet": false,
        "reportFilename": "mochawesome",
        "saveHtml": true,
        "saveJson": true,
        "consoleReporter": "spec",
        "useInlineDiffs": false,
        "code": true
      },
      "version": "7.1.3"
    },
    "marge": {
      "options": {
        "reportDir": "cypress/reports",
        "overwrite": false,
        "html": true,
        "json": true
      },
      "version": "6.2.0"
    }
  }
}