{
  "stats": {
    "suites": 1,
    "tests": 2,
    "passes": 2,
    "pending": 0,
    "failures": 0,
    "start": "2024-10-22T22:39:35.108Z",
    "end": "2024-10-22T22:39:40.810Z",
    "duration": 5702,
    "testsRegistered": 2,
    "passPercent": 100,
    "pendingPercent": 0,
    "other": 0,
    "hasOther": false,
    "skipped": 0,
    "hasSkipped": false
  },
  "results": [
    {
      "uuid": "2c680cbb-e627-40f4-96f6-ad96d36fe897",
      "title": "",
      "fullFile": "cypress/e2e/Data for Lenders/optionsDataForLenders.cy.js",
      "file": "cypress/e2e/Data for Lenders/optionsDataForLenders.cy.js",
      "beforeHooks": [],
      "afterHooks": [],
      "tests": [],
      "suites": [
        {
          "uuid": "a173c8a4-36ab-4fb2-9b5a-785ad33da15e",
          "title": "GET /data/options",
          "fullFile": "",
          "file": "",
          "beforeHooks": [],
          "afterHooks": [],
          "tests": [
            {
              "title": "should return status 200 and fetch available data options",
              "fullTitle": "GET /data/options should return status 200 and fetch available data options",
              "timedOut": null,
              "duration": 5367,
              "state": "passed",
              "speed": "medium",
              "pass": true,
              "fail": false,
              "pending": false,
              "context": null,
              "code": "cy.request({\n  method: 'GET',\n  url: 'https://adjutor.lendsqr.com/v2/data/options',\n  headers: {\n    Authorization: `Bearer ${Cypress.env('API_KEY_TWO')}`\n  }\n}).then(response => {\n  cy.log(`Response Time: ${response.duration} ms`);\n  expect(response.status).to.eq(200);\n  expect(response.body.success).to.eq(true);\n  expect(response.body.data).to.be.an('array');\n  expect(response.body.data[0]).to.have.property('name');\n  expect(response.body.data[0]).to.have.property('description');\n  expect(response.body.data[0]).to.have.property('path');\n});",
              "err": {},
              "uuid": "c5f88e5f-9326-4e23-94c6-2a361b6438e1",
              "parentUUID": "a173c8a4-36ab-4fb2-9b5a-785ad33da15e",
              "isHook": false,
              "skipped": false
            },
            {
              "title": "should return error for unauthorized access",
              "fullTitle": "GET /data/options should return error for unauthorized access",
              "timedOut": null,
              "duration": 292,
              "state": "passed",
              "speed": "fast",
              "pass": true,
              "fail": false,
              "pending": false,
              "context": null,
              "code": "cy.request({\n  method: 'GET',\n  url: 'https://adjutor.lendsqr.com/v2/data/options',\n  failOnStatusCode: false\n}).then(response => {\n  cy.log(`Response Time: ${response.duration} ms`);\n  expect(response.status).to.eq(401);\n  expect(response.body.message).to.eq(\"We couldn't verify your access. Please check your authorization\");\n});",
              "err": {},
              "uuid": "bcdda2bb-f703-4e73-a514-58ef1816933c",
              "parentUUID": "a173c8a4-36ab-4fb2-9b5a-785ad33da15e",
              "isHook": false,
              "skipped": false
            }
          ],
          "suites": [],
          "passes": [
            "c5f88e5f-9326-4e23-94c6-2a361b6438e1",
            "bcdda2bb-f703-4e73-a514-58ef1816933c"
          ],
          "failures": [],
          "pending": [],
          "skipped": [],
          "duration": 5659,
          "root": false,
          "rootEmpty": false,
          "_timeout": 2000
        }
      ],
      "passes": [],
      "failures": [],
      "pending": [],
      "skipped": [],
      "duration": 0,
      "root": true,
      "rootEmpty": true,
      "_timeout": 2000
    }
  ],
  "meta": {
    "mocha": {
      "version": "7.0.1"
    },
    "mochawesome": {
      "options": {
        "quiet": false,
        "reportFilename": "mochawesome",
        "saveHtml": true,
        "saveJson": true,
        "consoleReporter": "spec",
        "useInlineDiffs": false,
        "code": true
      },
      "version": "7.1.3"
    },
    "marge": {
      "options": {
        "reportDir": "cypress/reports",
        "overwrite": false,
        "html": true,
        "json": true
      },
      "version": "6.2.0"
    }
  }
}