{
  "stats": {
    "suites": 1,
    "tests": 3,
    "passes": 3,
    "pending": 0,
    "failures": 0,
    "start": "2024-10-22T22:39:23.155Z",
    "end": "2024-10-22T22:39:24.995Z",
    "duration": 1840,
    "testsRegistered": 3,
    "passPercent": 100,
    "pendingPercent": 0,
    "other": 0,
    "hasOther": false,
    "skipped": 0,
    "hasSkipped": false
  },
  "results": [
    {
      "uuid": "f838894d-534d-4825-9a47-c72c360ab7b6",
      "title": "",
      "fullFile": "cypress/e2e/Decisioning/getDecisionModelDetails.cy.js",
      "file": "cypress/e2e/Decisioning/getDecisionModelDetails.cy.js",
      "beforeHooks": [],
      "afterHooks": [],
      "tests": [],
      "suites": [
        {
          "uuid": "f52f9726-79d2-4776-a320-9322d1ffd47c",
          "title": "GET /decisioning/models/:id/settings",
          "fullFile": "",
          "file": "",
          "beforeHooks": [],
          "afterHooks": [],
          "tests": [
            {
              "title": "should return status 200 and fetch details of a specific decision model",
              "fullTitle": "GET /decisioning/models/:id/settings should return status 200 and fetch details of a specific decision model",
              "timedOut": null,
              "duration": 906,
              "state": "passed",
              "speed": "fast",
              "pass": true,
              "fail": false,
              "pending": false,
              "context": null,
              "code": "cy.request({\n  method: 'GET',\n  url: `https://adjutor.lendsqr.com/v2/decisioning/models/11799/settings`,\n  headers: {\n    Authorization: `Bearer ${Cypress.env('API_KEY_TWO')}`\n  }\n}).then(response => {\n  cy.log(`Response Time: ${response.duration} ms`);\n  expect(response.status).to.eq(200);\n  expect(response.body.message).to.eq('Successful');\n  expect(response.body.data.id).to.eq(11799);\n  expect(response.body.data).to.have.property('name');\n});",
              "err": {},
              "uuid": "24998dda-e478-4939-b0dc-cf65064b64b6",
              "parentUUID": "f52f9726-79d2-4776-a320-9322d1ffd47c",
              "isHook": false,
              "skipped": false
            },
            {
              "title": "should return 404 for an invalid decision model ID",
              "fullTitle": "GET /decisioning/models/:id/settings should return 404 for an invalid decision model ID",
              "timedOut": null,
              "duration": 566,
              "state": "passed",
              "speed": "fast",
              "pass": true,
              "fail": false,
              "pending": false,
              "context": null,
              "code": "cy.request({\n  method: 'GET',\n  url: `https://adjutor.lendsqr.com/v2/decisioning/models/21799/settings`,\n  failOnStatusCode: false,\n  headers: {\n    Authorization: `Bearer ${Cypress.env('API_KEY_TWO')}`\n  }\n}).then(response => {\n  cy.log(`Response Time: ${response.duration} ms`);\n  expect(response.status).to.eq(404);\n  expect(response.body.message).to.eq('Decision model not found');\n});",
              "err": {},
              "uuid": "dc2046cc-a244-4a4e-b418-f404e6ae5236",
              "parentUUID": "f52f9726-79d2-4776-a320-9322d1ffd47c",
              "isHook": false,
              "skipped": false
            },
            {
              "title": "should return error for unauthorized access",
              "fullTitle": "GET /decisioning/models/:id/settings should return error for unauthorized access",
              "timedOut": null,
              "duration": 334,
              "state": "passed",
              "speed": "fast",
              "pass": true,
              "fail": false,
              "pending": false,
              "context": null,
              "code": "cy.request({\n  method: 'GET',\n  url: `https://adjutor.lendsqr.com/v2/decisioning/models/11799/settings`,\n  failOnStatusCode: false\n}).then(response => {\n  cy.log(`Response Time: ${response.duration} ms`);\n  expect(response.status).to.eq(401);\n  expect(response.body.message).to.eq(\"We couldn't verify your access. Please check your authorization\");\n});",
              "err": {},
              "uuid": "e6194e83-1598-4cf3-9b6a-d36c5bc20b9b",
              "parentUUID": "f52f9726-79d2-4776-a320-9322d1ffd47c",
              "isHook": false,
              "skipped": false
            }
          ],
          "suites": [],
          "passes": [
            "24998dda-e478-4939-b0dc-cf65064b64b6",
            "dc2046cc-a244-4a4e-b418-f404e6ae5236",
            "e6194e83-1598-4cf3-9b6a-d36c5bc20b9b"
          ],
          "failures": [],
          "pending": [],
          "skipped": [],
          "duration": 1806,
          "root": false,
          "rootEmpty": false,
          "_timeout": 2000
        }
      ],
      "passes": [],
      "failures": [],
      "pending": [],
      "skipped": [],
      "duration": 0,
      "root": true,
      "rootEmpty": true,
      "_timeout": 2000
    }
  ],
  "meta": {
    "mocha": {
      "version": "7.0.1"
    },
    "mochawesome": {
      "options": {
        "quiet": false,
        "reportFilename": "mochawesome",
        "saveHtml": true,
        "saveJson": true,
        "consoleReporter": "spec",
        "useInlineDiffs": false,
        "code": true
      },
      "version": "7.1.3"
    },
    "marge": {
      "options": {
        "reportDir": "cypress/reports",
        "overwrite": false,
        "html": true,
        "json": true
      },
      "version": "6.2.0"
    }
  }
}